This is pdfTeX, Version 3.14159265-2.6-1.40.21 (MiKTeX 2.9.7400 64-bit) (preloaded format=pdflatex 2020.5.5)  24 MAR 2021 23:21
entering extended mode
**./RTGP_Report.tex
(RTGP_Report.tex
LaTeX2e <2020-02-02> patch level 5
L3 programming layer <2020-04-06>
("C:\Users\doppu\AppData\Local\Programs\MiKTeX 2.9\tex/latex/base\article.cls"
Document Class: article 2019/12/20 v1.4l Standard LaTeX document class
("C:\Users\doppu\AppData\Local\Programs\MiKTeX 2.9\tex/latex/base\size12.clo"
File: size12.clo 2019/12/20 v1.4l Standard LaTeX file (size option)
)
\c@part=\count167
\c@section=\count168
\c@subsection=\count169
\c@subsubsection=\count170
\c@paragraph=\count171
\c@subparagraph=\count172
\c@figure=\count173
\c@table=\count174
\abovecaptionskip=\skip47
\belowcaptionskip=\skip48
\bibindent=\dimen134
) ("C:\Users\doppu\AppData\Local\Programs\MiKTeX 2.9\tex/latex/base\inputenc.st
y"
Package: inputenc 2018/08/11 v1.3c Input encoding file
\inpenc@prehook=\toks15
\inpenc@posthook=\toks16
 ("C:\Users\doppu\AppData\Local\Programs\MiKTeX 2.9\tex/latex/ucs\utf8x.def"
File: utf8x.def 2004/10/17 UCS: Input encoding UTF-8
)) ("C:\Users\doppu\AppData\Local\Programs\MiKTeX 2.9\tex/latex/ucs\ucs.sty"
Package: ucs 2013/05/11 v2.2 UCS: Unicode input support

("C:\Users\doppu\AppData\Local\Programs\MiKTeX 2.9\tex/latex/ucs\uni-global.def
"
File: uni-global.def 2013/05/13 UCS: Unicode global data
)
\uc@secondtry=\count175
\uc@combtoks=\toks17
\uc@combtoksb=\toks18
\uc@temptokena=\toks19
)
("C:\Users\doppu\AppData\Local\Programs\MiKTeX 2.9\tex/latex/amsmath\amsmath.st
y"
Package: amsmath 2020/01/20 v2.17e AMS math features
\@mathmargin=\skip49

For additional information on amsmath, use the `?' option.

("C:\Users\doppu\AppData\Local\Programs\MiKTeX 2.9\tex/latex/amsmath\amstext.st
y"
Package: amstext 2000/06/29 v2.01 AMS text

("C:\Users\doppu\AppData\Local\Programs\MiKTeX 2.9\tex/latex/amsmath\amsgen.sty
"
File: amsgen.sty 1999/11/30 v2.0 generic functions
\@emptytoks=\toks20
\ex@=\dimen135
))
("C:\Users\doppu\AppData\Local\Programs\MiKTeX 2.9\tex/latex/amsmath\amsbsy.sty
"
Package: amsbsy 1999/11/29 v1.2d Bold Symbols
\pmbraise@=\dimen136
)
("C:\Users\doppu\AppData\Local\Programs\MiKTeX 2.9\tex/latex/amsmath\amsopn.sty
"
Package: amsopn 2016/03/08 v2.02 operator names
)
\inf@bad=\count176
LaTeX Info: Redefining \frac on input line 227.
\uproot@=\count177
\leftroot@=\count178
LaTeX Info: Redefining \overline on input line 389.
\classnum@=\count179
\DOTSCASE@=\count180
LaTeX Info: Redefining \ldots on input line 486.
LaTeX Info: Redefining \dots on input line 489.
LaTeX Info: Redefining \cdots on input line 610.
\Mathstrutbox@=\box45
\strutbox@=\box46
\big@size=\dimen137
LaTeX Font Info:    Redeclaring font encoding OML on input line 733.
LaTeX Font Info:    Redeclaring font encoding OMS on input line 734.
\macc@depth=\count181
\c@MaxMatrixCols=\count182
\dotsspace@=\muskip16
\c@parentequation=\count183
\dspbrk@lvl=\count184
\tag@help=\toks21
\row@=\count185
\column@=\count186
\maxfields@=\count187
\andhelp@=\toks22
\eqnshift@=\dimen138
\alignsep@=\dimen139
\tagshift@=\dimen140
\tagwidth@=\dimen141
\totwidth@=\dimen142
\lineht@=\dimen143
\@envbody=\toks23
\multlinegap=\skip50
\multlinetaggap=\skip51
\mathdisplay@stack=\toks24
LaTeX Info: Redefining \[ on input line 2859.
LaTeX Info: Redefining \] on input line 2860.
)
("C:\Users\doppu\AppData\Local\Programs\MiKTeX 2.9\tex/latex/graphics\graphicx.
sty"
Package: graphicx 2019/11/30 v1.2a Enhanced LaTeX Graphics (DPC,SPQR)

("C:\Users\doppu\AppData\Local\Programs\MiKTeX 2.9\tex/latex/graphics\keyval.st
y"
Package: keyval 2014/10/28 v1.15 key=value parser (DPC)
\KV@toks@=\toks25
)
("C:\Users\doppu\AppData\Local\Programs\MiKTeX 2.9\tex/latex/graphics\graphics.
sty"
Package: graphics 2019/11/30 v1.4a Standard LaTeX Graphics (DPC,SPQR)

("C:\Users\doppu\AppData\Local\Programs\MiKTeX 2.9\tex/latex/graphics\trig.sty"
Package: trig 2016/01/03 v1.10 sin cos tan (DPC)
)
("C:\Users\doppu\AppData\Local\Programs\MiKTeX 2.9\tex/latex/graphics-cfg\graph
ics.cfg"
File: graphics.cfg 2016/06/04 v1.11 sample graphics configuration
)
Package graphics Info: Driver file: pdftex.def on input line 105.

("C:\Users\doppu\AppData\Local\Programs\MiKTeX 2.9\tex/latex/graphics-def\pdfte
x.def"
File: pdftex.def 2018/01/08 v1.0l Graphics/color driver for pdftex
))
\Gin@req@height=\dimen144
\Gin@req@width=\dimen145
)
("C:\Users\doppu\AppData\Local\Programs\MiKTeX 2.9\tex/latex/caption\caption.st
y"
Package: caption 2020/01/03 v3.4h Customizing captions (AR)

("C:\Users\doppu\AppData\Local\Programs\MiKTeX 2.9\tex/latex/caption\caption3.s
ty"
Package: caption3 2020/01/03 v1.8h caption3 kernel (AR)
Package caption3 Info: TeX engine: e-TeX on input line 61.
\captionmargin=\dimen146
\captionmargin@=\dimen147
\captionwidth=\dimen148
\caption@tempdima=\dimen149
\caption@indent=\dimen150
\caption@parindent=\dimen151
\caption@hangindent=\dimen152
Package caption Info: Standard document class detected.
)
\c@caption@flags=\count188
\c@continuedfloat=\count189
)
("C:\Users\doppu\AppData\Local\Programs\MiKTeX 2.9\tex/latex/caption\subcaption
.sty"
Package: subcaption 2020/01/22 v1.3d Sub-captions (AR)
\c@subfigure=\count190
\c@subtable=\count191
)
("C:\Users\doppu\AppData\Local\Programs\MiKTeX 2.9\tex/latex/hyperref\hyperref.
sty"
Package: hyperref 2020/01/14 v7.00d Hypertext links for LaTeX

("C:\Users\doppu\AppData\Local\Programs\MiKTeX 2.9\tex/generic/ltxcmds\ltxcmds.
sty"
Package: ltxcmds 2019/12/15 v1.24 LaTeX kernel commands for general use (HO)
)
("C:\Users\doppu\AppData\Local\Programs\MiKTeX 2.9\tex/generic/iftex\iftex.sty"
Package: iftex 2020/03/06 v1.0d TeX engine tests
)
("C:\Users\doppu\AppData\Local\Programs\MiKTeX 2.9\tex/latex/pdftexcmds\pdftexc
mds.sty"
Package: pdftexcmds 2019/11/24 v0.31 Utility functions of pdfTeX for LuaTeX (HO
)

("C:\Users\doppu\AppData\Local\Programs\MiKTeX 2.9\tex/generic/infwarerr\infwar
err.sty"
Package: infwarerr 2019/12/03 v1.5 Providing info/warning/error messages (HO)
)
Package pdftexcmds Info: \pdf@primitive is available.
Package pdftexcmds Info: \pdf@ifprimitive is available.
Package pdftexcmds Info: \pdfdraftmode found.
)
("C:\Users\doppu\AppData\Local\Programs\MiKTeX 2.9\tex/generic/kvsetkeys\kvsetk
eys.sty"
Package: kvsetkeys 2019/12/15 v1.18 Key value parser (HO)
)
("C:\Users\doppu\AppData\Local\Programs\MiKTeX 2.9\tex/generic/kvdefinekeys\kvd
efinekeys.sty"
Package: kvdefinekeys 2019-12-19 v1.6 Define keys (HO)
)
("C:\Users\doppu\AppData\Local\Programs\MiKTeX 2.9\tex/generic/pdfescape\pdfesc
ape.sty"
Package: pdfescape 2019/12/09 v1.15 Implements pdfTeX's escape features (HO)
)
("C:\Users\doppu\AppData\Local\Programs\MiKTeX 2.9\tex/latex/hycolor\hycolor.st
y"
Package: hycolor 2020-01-27 v1.10 Color options for hyperref/bookmark (HO)
)
("C:\Users\doppu\AppData\Local\Programs\MiKTeX 2.9\tex/latex/letltxmacro\letltx
macro.sty"
Package: letltxmacro 2019/12/03 v1.6 Let assignment for LaTeX macros (HO)
)
("C:\Users\doppu\AppData\Local\Programs\MiKTeX 2.9\tex/latex/auxhook\auxhook.st
y"
Package: auxhook 2019-12-17 v1.6 Hooks for auxiliary files (HO)
)
("C:\Users\doppu\AppData\Local\Programs\MiKTeX 2.9\tex/latex/kvoptions\kvoption
s.sty"
Package: kvoptions 2019/11/29 v3.13 Key value format for package options (HO)
)
\@linkdim=\dimen153
\Hy@linkcounter=\count192
\Hy@pagecounter=\count193

("C:\Users\doppu\AppData\Local\Programs\MiKTeX 2.9\tex/latex/hyperref\pd1enc.de
f"
File: pd1enc.def 2020/01/14 v7.00d Hyperref: PDFDocEncoding definition (HO)
)
("C:\Users\doppu\AppData\Local\Programs\MiKTeX 2.9\tex/generic/intcalc\intcalc.
sty"
Package: intcalc 2019/12/15 v1.3 Expandable calculations with integers (HO)
)
("C:\Users\doppu\AppData\Local\Programs\MiKTeX 2.9\tex/generic/etexcmds\etexcmd
s.sty"
Package: etexcmds 2019/12/15 v1.7 Avoid name clashes with e-TeX commands (HO)
)
\Hy@SavedSpaceFactor=\count194
Package hyperref Info: Hyper figures OFF on input line 4547.
Package hyperref Info: Link nesting OFF on input line 4552.
Package hyperref Info: Hyper index ON on input line 4555.
Package hyperref Info: Plain pages OFF on input line 4562.
Package hyperref Info: Backreferencing OFF on input line 4567.
Package hyperref Info: Implicit mode ON; LaTeX internals redefined.
Package hyperref Info: Bookmarks ON on input line 4800.
\c@Hy@tempcnt=\count195
 ("C:\Users\doppu\AppData\Local\Programs\MiKTeX 2.9\tex/latex/url\url.sty"
\Urlmuskip=\muskip17
Package: url 2013/09/16  ver 3.4  Verb mode for urls, etc.
)
LaTeX Info: Redefining \url on input line 5159.
\XeTeXLinkMargin=\dimen154

("C:\Users\doppu\AppData\Local\Programs\MiKTeX 2.9\tex/generic/bitset\bitset.st
y"
Package: bitset 2019/12/09 v1.3 Handle bit-vector datatype (HO)

("C:\Users\doppu\AppData\Local\Programs\MiKTeX 2.9\tex/generic/bigintcalc\bigin
tcalc.sty"
Package: bigintcalc 2019/12/15 v1.5 Expandable calculations on big integers (HO
)
))
\Fld@menulength=\count196
\Field@Width=\dimen155
\Fld@charsize=\dimen156
Package hyperref Info: Hyper figures OFF on input line 6430.
Package hyperref Info: Link nesting OFF on input line 6435.
Package hyperref Info: Hyper index ON on input line 6438.
Package hyperref Info: backreferencing OFF on input line 6445.
Package hyperref Info: Link coloring OFF on input line 6450.
Package hyperref Info: Link coloring with OCG OFF on input line 6455.
Package hyperref Info: PDF/A mode OFF on input line 6460.
LaTeX Info: Redefining \ref on input line 6500.
LaTeX Info: Redefining \pageref on input line 6504.

("C:\Users\doppu\AppData\Local\Programs\MiKTeX 2.9\tex/generic/atbegshi\atbegsh
i.sty"
Package: atbegshi 2019/12/05 v1.19 At begin shipout hook (HO)
)
\Hy@abspage=\count197
\c@Item=\count198
\c@Hfootnote=\count199
)
Package hyperref Info: Driver (autodetected): hpdftex.

("C:\Users\doppu\AppData\Local\Programs\MiKTeX 2.9\tex/latex/hyperref\hpdftex.d
ef"
File: hpdftex.def 2020/01/14 v7.00d Hyperref driver for pdfTeX

("C:\Users\doppu\AppData\Local\Programs\MiKTeX 2.9\tex/latex/atveryend\atveryen
d.sty"
Package: atveryend 2019-12-11 v1.11 Hooks at the very end of document (HO)
Package atveryend Info: \enddocument detected (standard20110627).
)
\Fld@listcount=\count266
\c@bookmark@seq@number=\count267

("C:\Users\doppu\AppData\Local\Programs\MiKTeX 2.9\tex/latex/rerunfilecheck\rer
unfilecheck.sty"
Package: rerunfilecheck 2019/12/05 v1.9 Rerun checks for auxiliary files (HO)

("C:\Users\doppu\AppData\Local\Programs\MiKTeX 2.9\tex/generic/uniquecounter\un
iquecounter.sty"
Package: uniquecounter 2019/12/15 v1.4 Provide unlimited unique counter (HO)
)
Package uniquecounter Info: New unique counter `rerunfilecheck' on input line 2
86.
)
\Hy@SectionHShift=\skip52
)
Package hyperref Info: Option `colorlinks' set `true' on input line 14.

("C:\Users\doppu\AppData\Local\Programs\MiKTeX 2.9\tex/latex/l3backend\l3backen
d-pdfmode.def"
File: l3backend-pdfmode.def 2020-03-12 L3 backend support: PDF mode
\l__kernel_color_stack_int=\count268
\l__pdf_internal_box=\box47
) (RTGP_Report.aux)
\openout1 = `RTGP_Report.aux'.

LaTeX Font Info:    Checking defaults for OML/cmm/m/it on input line 16.
LaTeX Font Info:    ... okay on input line 16.
LaTeX Font Info:    Checking defaults for OMS/cmsy/m/n on input line 16.
LaTeX Font Info:    ... okay on input line 16.
LaTeX Font Info:    Checking defaults for OT1/cmr/m/n on input line 16.
LaTeX Font Info:    ... okay on input line 16.
LaTeX Font Info:    Checking defaults for T1/cmr/m/n on input line 16.
LaTeX Font Info:    ... okay on input line 16.
LaTeX Font Info:    Checking defaults for TS1/cmr/m/n on input line 16.
LaTeX Font Info:    ... okay on input line 16.
LaTeX Font Info:    Checking defaults for OMX/cmex/m/n on input line 16.
LaTeX Font Info:    ... okay on input line 16.
LaTeX Font Info:    Checking defaults for U/cmr/m/n on input line 16.
LaTeX Font Info:    ... okay on input line 16.
LaTeX Font Info:    Checking defaults for PD1/pdf/m/n on input line 16.
LaTeX Font Info:    ... okay on input line 16.

("C:\Users\doppu\AppData\Local\Programs\MiKTeX 2.9\tex/latex/ucs\ucsencs.def"
File: ucsencs.def 2011/01/21 Fixes to fontencodings LGR, T3
)
("C:\Users\doppu\AppData\Local\Programs\MiKTeX 2.9\tex/context/base/mkii\supp-p
df.mkii"
[Loading MPS to PDF converter (version 2006.09.02).]
\scratchcounter=\count269
\scratchdimen=\dimen157
\scratchbox=\box48
\nofMPsegments=\count270
\nofMParguments=\count271
\everyMPshowfont=\toks26
\MPscratchCnt=\count272
\MPscratchDim=\dimen158
\MPnumerator=\count273
\makeMPintoPDFobject=\count274
\everyMPtoPDFconversion=\toks27
)
("C:\Users\doppu\AppData\Local\Programs\MiKTeX 2.9\tex/latex/epstopdf-pkg\epsto
pdf-base.sty"
Package: epstopdf-base 2020-01-24 v2.11 Base part for package epstopdf
Package epstopdf-base Info: Redefining graphics rule for `.eps' on input line 4
85.
)
Package caption Info: Begin \AtBeginDocument code.
Package caption Info: hyperref package is loaded.
Package caption Info: End \AtBeginDocument code.
\AtBeginShipoutBox=\box49

("C:\Users\doppu\AppData\Local\Programs\MiKTeX 2.9\tex/latex/graphics\color.sty
"
Package: color 2019/11/23 v1.2a Standard LaTeX Color (DPC)

("C:\Users\doppu\AppData\Local\Programs\MiKTeX 2.9\tex/latex/graphics-cfg\color
.cfg"
File: color.cfg 2016/01/02 v1.6 sample color configuration
)
Package color Info: Driver file: pdftex.def on input line 147.
)
Package hyperref Info: Link coloring ON on input line 16.

("C:\Users\doppu\AppData\Local\Programs\MiKTeX 2.9\tex/latex/hyperref\nameref.s
ty"
Package: nameref 2019/09/16 v2.46 Cross-referencing by name of section

("C:\Users\doppu\AppData\Local\Programs\MiKTeX 2.9\tex/latex/refcount\refcount.
sty"
Package: refcount 2019/12/15 v3.6 Data extraction from label references (HO)
)
("C:\Users\doppu\AppData\Local\Programs\MiKTeX 2.9\tex/generic/gettitlestring\g
ettitlestring.sty"
Package: gettitlestring 2019/12/15 v1.6 Cleanup title references (HO)
)
\c@section@level=\count275
)
LaTeX Info: Redefining \ref on input line 16.
LaTeX Info: Redefining \pageref on input line 16.
LaTeX Info: Redefining \nameref on input line 16.
 (RTGP_Report.out) (RTGP_Report.out)
\@outlinefile=\write3
\openout3 = `RTGP_Report.out'.

<images/logo.png, id=83, 1204.5pt x 1204.5pt>
File: images/logo.png Graphic file (type png)
<use images/logo.png>
Package pdftex.def Info: images/logo.png  used on input line 48.
(pdftex.def)             Requested size: 240.89574pt x 240.89574pt.
 [1

{C:/Users/doppu/AppData/Local/MiKTeX/2.9/pdftex/config/pdftex.map} <./images/lo
go.png>]
(RTGP_Report.toc)
\tf@toc=\write4
\openout4 = `RTGP_Report.toc'.

pdfTeX warning (ext4): destination with the same identifier (name{page.1}) has 
been already used, duplicate ignored
<to be read again> 
                   \relax 
l.59 	\newpage
               [1] (Intro.tex [2]) (Chapter1.tex
<images/terrain1Normal.png, id=124, 881.54344pt x 567.62062pt>
File: images/terrain1Normal.png Graphic file (type png)
<use images/terrain1Normal.png>
Package pdftex.def Info: images/terrain1Normal.png  used on input line 11.
(pdftex.def)             Requested size: 179.25244pt x 115.4189pt.
<images/terrain1Vertices.png, id=125, 831.105pt x 529.22719pt>
File: images/terrain1Vertices.png Graphic file (type png)
<use images/terrain1Vertices.png>
Package pdftex.def Info: images/terrain1Vertices.png  used on input line 13.
(pdftex.def)             Requested size: 179.25244pt x 114.13693pt.
 [3 <./images/terrain1Normal.png> <./images/terrain1Vertices.png>]
<images/terrain2Front.png, id=132, 721.19438pt x 466.74374pt>
File: images/terrain2Front.png Graphic file (type png)
<use images/terrain2Front.png>
Package pdftex.def Info: images/terrain2Front.png  used on input line 24.
(pdftex.def)             Requested size: 179.25244pt x 116.00906pt.
<images/terrain2Side.png, id=133, 812.28468pt x 531.48563pt>
File: images/terrain2Side.png Graphic file (type png)
<use images/terrain2Side.png>
Package pdftex.def Info: images/terrain2Side.png  used on input line 26.
(pdftex.def)             Requested size: 179.25244pt x 117.28403pt.
<images/terrain3.png, id=134, 535.2497pt x 503.63156pt>
File: images/terrain3.png Graphic file (type png)
<use images/terrain3.png>
Package pdftex.def Info: images/terrain3.png  used on input line 42.
(pdftex.def)             Requested size: 214.50119pt x 201.83328pt.
 [4 <./images/terrain2Front.png> <./images/terrain2Side.png> <./images/terrain3
.png>]
<images/terrain4Before.png, id=141, 627.09282pt x 523.20468pt>
File: images/terrain4Before.png Graphic file (type png)
<use images/terrain4Before.png>
Package pdftex.def Info: images/terrain4Before.png  used on input line 58.
(pdftex.def)             Requested size: 179.25244pt x 149.55397pt.
<images/terrain4After.png, id=142, 653.44125pt x 539.76656pt>
File: images/terrain4After.png Graphic file (type png)
<use images/terrain4After.png>
Package pdftex.def Info: images/terrain4After.png  used on input line 60.
(pdftex.def)             Requested size: 179.25244pt x 148.06151pt.
 [5 <./images/terrain4Before.png> <./images/terrain4After.png>]
<images/report1.jpg, id=149, 963.6pt x 475.02469pt>
File: images/report1.jpg Graphic file (type jpg)
<use images/report1.jpg>
Package pdftex.def Info: images/report1.jpg  used on input line 83.
(pdftex.def)             Requested size: 546.00827pt x 274.26054pt.
 [6 <./images/report1.jpg>]
<images/terrain5SecondPart.png, id=156, 674.52pt x 519.44063pt>
File: images/terrain5SecondPart.png Graphic file (type png)
<use images/terrain5SecondPart.png>
Package pdftex.def Info: images/terrain5SecondPart.png  used on input line 95.
(pdftex.def)             Requested size: 179.25244pt x 138.03947pt.
<images/terrain5ThirdPart.png, id=157, 658.71094pt x 515.67656pt>
File: images/terrain5ThirdPart.png Graphic file (type png)
<use images/terrain5ThirdPart.png>
Package pdftex.def Info: images/terrain5ThirdPart.png  used on input line 97.
(pdftex.def)             Requested size: 179.25244pt x 140.32826pt.
<images/terrain6.png, id=158, 893.58844pt x 536.75531pt>
File: images/terrain6.png Graphic file (type png)
<use images/terrain6.png>
Package pdftex.def Info: images/terrain6.png  used on input line 108.
(pdftex.def)             Requested size: 234.00238pt x 140.55229pt.
 [7 <./images/terrain5SecondPart.png> <./images/terrain5ThirdPart.png> <./image
s/terrain6.png>]
<images/terrain6Good.png, id=165, 1076.52188pt x 479.54156pt>
File: images/terrain6Good.png Graphic file (type png)
<use images/terrain6Good.png>
Package pdftex.def Info: images/terrain6Good.png  used on input line 116.
(pdftex.def)             Requested size: 179.25244pt x 79.84534pt.
<images/terrain6Bad.png, id=166, 770.12718pt x 505.89pt>
File: images/terrain6Bad.png Graphic file (type png)
<use images/terrain6Bad.png>
Package pdftex.def Info: images/terrain6Bad.png  used on input line 118.
(pdftex.def)             Requested size: 179.25244pt x 117.74942pt.
<images/terrain7.png, id=168, 709.90219pt x 526.21594pt>
File: images/terrain7.png Graphic file (type png)
<use images/terrain7.png>
Package pdftex.def Info: images/terrain7.png  used on input line 128.
(pdftex.def)             Requested size: 292.5pt x 216.81784pt.
 [8 <./images/terrain6Good.png> <./images/terrain6Bad.png> <./images/terrain7.p
ng>]
<images/terrain8.png, id=177, 685.8122pt x 560.0925pt>
File: images/terrain8.png Graphic file (type png)
<use images/terrain8.png>
Package pdftex.def Info: images/terrain8.png  used on input line 138.
(pdftex.def)             Requested size: 390.0pt x 318.51251pt.
<images/infiniteTerrainSchema.jpg, id=178, 834.11626pt x 432.86719pt>
File: images/infiniteTerrainSchema.jpg Graphic file (type jpg)
<use images/infiniteTerrainSchema.jpg>
Package pdftex.def Info: images/infiniteTerrainSchema.jpg  used on input line 1
50.
(pdftex.def)             Requested size: 390.0pt x 202.3908pt.

[9 <./images/terrain8.png>] [10 <./images/infiniteTerrainSchema.jpg>]
<images/normalSchema.jpg, id=189, 418.56375pt x 319.94531pt>
File: images/normalSchema.jpg Graphic file (type jpg)
<use images/normalSchema.jpg>
Package pdftex.def Info: images/normalSchema.jpg  used on input line 169.
(pdftex.def)             Requested size: 390.0pt x 298.10748pt.
 [11 <./images/normalSchema.jpg>]
<images/lightTerrainBefore.png, id=198, 1199.98312pt x 599.23875pt>
File: images/lightTerrainBefore.png Graphic file (type png)
<use images/lightTerrainBefore.png>
Package pdftex.def Info: images/lightTerrainBefore.png  used on input line 183.

(pdftex.def)             Requested size: 179.25244pt x 89.50703pt.
<images/lightTerrainAfter.png, id=199, 1201.48875pt x 602.25pt>
File: images/lightTerrainAfter.png Graphic file (type png)
<use images/lightTerrainAfter.png>
Package pdftex.def Info: images/lightTerrainAfter.png  used on input line 185.
(pdftex.def)             Requested size: 179.25244pt x 89.84654pt.
<images/textureSchema.jpg, id=200, 764.10469pt x 602.25pt>
File: images/textureSchema.jpg Graphic file (type jpg)
<use images/textureSchema.jpg>
Package pdftex.def Info: images/textureSchema.jpg  used on input line 195.
(pdftex.def)             Requested size: 175.49881pt x 138.3216pt.
 [12 <./images/lightTerrainBefore.png> <./images/lightTerrainAfter.png> <./imag
es/textureSchema.jpg>]
<images/terrain1Texture.png, id=208, 1203.7472pt x 600.74437pt>
File: images/terrain1Texture.png Graphic file (type png)
<use images/terrain1Texture.png>
Package pdftex.def Info: images/terrain1Texture.png  used on input line 203.
(pdftex.def)             Requested size: 179.25244pt x 89.45694pt.
<images/terrain2Texture.png, id=209, 1201.48875pt x 599.99156pt>
File: images/terrain2Texture.png Graphic file (type png)
<use images/terrain2Texture.png>
Package pdftex.def Info: images/terrain2Texture.png  used on input line 205.
(pdftex.def)             Requested size: 179.25244pt x 89.50963pt.
 [13 <./images/terrain1Texture.png> <./images/terrain2Texture.png>]) (Chapter2.
tex
<images/Water.png, id=215, 992.20688pt x 529.98pt>
File: images/Water.png Graphic file (type png)
<use images/Water.png>
Package pdftex.def Info: images/Water.png  used on input line 6.
(pdftex.def)             Requested size: 179.25244pt x 95.74pt.
<images/WaterNoVert.png, id=216, 947.79094pt x 480.29437pt>
File: images/WaterNoVert.png Graphic file (type png)
<use images/WaterNoVert.png>
Package pdftex.def Info: images/WaterNoVert.png  used on input line 8.
(pdftex.def)             Requested size: 179.25244pt x 90.8318pt.


Package hyperref Warning: Difference (2) between bookmark levels is greater 
(hyperref)                than one, level fixed on input line 15.

[14 <./images/Water.png> <./images/WaterNoVert.png>]
<images/FBO1.png, id=222, 455.45157pt x 178.41656pt>
File: images/FBO1.png Graphic file (type png)
<use images/FBO1.png>
Package pdftex.def Info: images/FBO1.png  used on input line 27.
(pdftex.def)             Requested size: 390.0pt x 152.77913pt.
<images/FBO2.png, id=223, 651.93562pt x 331.99031pt>
File: images/FBO2.png Graphic file (type png)
<use images/FBO2.png>
Package pdftex.def Info: images/FBO2.png  used on input line 37.
(pdftex.def)             Requested size: 350.99762pt x 178.74525pt.
<images/FBO4.png, id=224, 691.08188pt x 143.03438pt>
File: images/FBO4.png Graphic file (type png)
<use images/FBO4.png>
Package pdftex.def Info: images/FBO4.png  used on input line 46.
(pdftex.def)             Requested size: 390.0pt x 80.7207pt.
 [15 <./images/FBO1.png> <./images/FBO2.png>] [16 <./images/FBO4.png>]
<images/Water1.png, id=239, 705.38531pt x 509.65407pt>
File: images/Water1.png Graphic file (type png)
<use images/Water1.png>
Package pdftex.def Info: images/Water1.png  used on input line 61.
(pdftex.def)             Requested size: 179.25244pt x 129.51291pt.
<images/Water2.png, id=240, 572.89032pt x 441.90094pt>
File: images/Water2.png Graphic file (type png)
<use images/Water2.png>
Package pdftex.def Info: images/Water2.png  used on input line 63.
(pdftex.def)             Requested size: 179.25244pt x 138.26901pt.
 [17 <./images/Water1.png> <./images/Water2.png>]
<images/Water3.png, id=247, 1205.2528pt x 601.4972pt>
File: images/Water3.png Graphic file (type png)
<use images/Water3.png>
Package pdftex.def Info: images/Water3.png  used on input line 83.
(pdftex.def)             Requested size: 390.0pt x 194.6307pt.
)
Package atveryend Info: Empty hook `BeforeClearDocument' on input line 83.
 [18 <./images/Water3.png>]
Package atveryend Info: Empty hook `AfterLastShipout' on input line 83.
 (RTGP_Report.aux)
Package atveryend Info: Executing hook `AtVeryEndDocument' on input line 83.
Package atveryend Info: Executing hook `AtEndAfterFileList' on input line 83.
Package rerunfilecheck Info: File `RTGP_Report.out' has not changed.
(rerunfilecheck)             Checksum: F39DC3AF402F480C8058CE22F67E0554;1304.
Package atveryend Info: Empty hook `AtVeryVeryEnd' on input line 83.
 ) 
Here is how much of TeX's memory you used:
 7497 strings out of 480930
 122153 string characters out of 2899762
 385359 words of memory out of 3000000
 23151 multiletter control sequences out of 15000+200000
 539759 words of font info for 49 fonts, out of 3000000 for 9000
 1141 hyphenation exceptions out of 8191
 41i,8n,51p,781b,470s stack positions out of 5000i,500n,10000p,200000b,50000s
 <C:\Users\doppu\AppData\Local\MiKTeX\2.9\fonts/pk/ljfour/jknappen/ec/dpi600\
tcrm1200.pk><C:/Users/doppu/AppData/Local/Programs/MiKTeX 2.9/fonts/type1/publi
c/amsfonts/cm/cmbx12.pfb><C:/Users/doppu/AppData/Local/Programs/MiKTeX 2.9/font
s/type1/public/amsfonts/cm/cmcsc10.pfb><C:/Users/doppu/AppData/Local/Programs/M
iKTeX 2.9/fonts/type1/public/amsfonts/cm/cmmi12.pfb><C:/Users/doppu/AppData/Loc
al/Programs/MiKTeX 2.9/fonts/type1/public/amsfonts/cm/cmr10.pfb><C:/Users/doppu
/AppData/Local/Programs/MiKTeX 2.9/fonts/type1/public/amsfonts/cm/cmr12.pfb><C:
/Users/doppu/AppData/Local/Programs/MiKTeX 2.9/fonts/type1/public/amsfonts/cm/c
mr17.pfb><C:/Users/doppu/AppData/Local/Programs/MiKTeX 2.9/fonts/type1/public/a
msfonts/cm/cmsy10.pfb><C:/Users/doppu/AppData/Local/Programs/MiKTeX 2.9/fonts/t
ype1/public/amsfonts/cm/cmti12.pfb>
Output written on RTGP_Report.pdf (19 pages, 16151157 bytes).
PDF statistics:
 300 PDF objects out of 1000 (max. 8388607)
 63 named destinations out of 1000 (max. 500000)
 316 words of extra memory for PDF output out of 10000 (max. 10000000)

